<?xml version="1.0" encoding="UTF-8"?>
<!-- Generated by org.testng.reporters.JUnitReportReporter -->
<testsuite skipped="0" hostname="LAPTOP-HIBJUNQD" name="E2E_002.HomePage" tests="2" failures="0" timestamp="16 Dec 2020 16:00:03 GMT" time="23.108" errors="0">
  <testcase name="basepageNavigation" time="11.118" classname="E2E_002.HomePage"/>
  <testcase name="basepageNavigation" time="11.990" classname="E2E_002.HomePage"/>
</testsuite> <!-- E2E_002.HomePage -->
