<?xml version="1.0" encoding="UTF-8"?>
<!-- Generated by org.testng.reporters.JUnitReportReporter -->
<testsuite skipped="0" hostname="LAPTOP-HIBJUNQD" name="E2E_002.ValidatingTitle" tests="1" failures="0" timestamp="16 Dec 2020 18:01:39 GMT" time="9.903" errors="0">
  <testcase name="basepageNavigation" time="9.903" classname="E2E_002.ValidatingTitle"/>
</testsuite> <!-- E2E_002.ValidatingTitle -->
