<?xml version="1.0" encoding="UTF-8"?>
<!-- Generated by org.testng.reporters.JUnitReportReporter -->
<testsuite skipped="0" hostname="LAPTOP-HIBJUNQD" name="E2E_002.HomePage" tests="2" failures="0" timestamp="16 Dec 2020 18:01:39 GMT" time="24.855" errors="0">
  <testcase name="basepageNavigation" time="11.614" classname="E2E_002.HomePage"/>
  <testcase name="basepageNavigation" time="13.241" classname="E2E_002.HomePage"/>
</testsuite> <!-- E2E_002.HomePage -->
